2018-05-28 22:12:55.952 [http-nio-8080-exec-3] ERROR c.z.m.c.AgentInfoController -sayWorld自己定义的日志输出异常
2018-05-28 22:12:55.957 [http-nio-8080-exec-3] ERROR c.z.m.c.AgentInfoController -com.zetyun.mml.controller.AgentInfoController.helloworld(AgentInfoController.java:32)
2018-05-28 22:12:55.958 [http-nio-8080-exec-3] ERROR c.z.m.c.AgentInfoController -sun.reflect.NativeMethodAccessorImpl.invoke0(Native Method)
2018-05-28 22:12:55.958 [http-nio-8080-exec-3] ERROR c.z.m.c.AgentInfoController -sun.reflect.NativeMethodAccessorImpl.invoke(NativeMethodAccessorImpl.java:62)
2018-05-28 22:12:55.958 [http-nio-8080-exec-3] ERROR c.z.m.c.AgentInfoController -sun.reflect.DelegatingMethodAccessorImpl.invoke(DelegatingMethodAccessorImpl.java:43)
2018-05-28 22:12:55.958 [http-nio-8080-exec-3] ERROR c.z.m.c.AgentInfoController -java.lang.reflect.Method.invoke(Method.java:498)
2018-05-28 22:12:55.958 [http-nio-8080-exec-3] ERROR c.z.m.c.AgentInfoController -org.springframework.web.method.support.InvocableHandlerMethod.doInvoke(InvocableHandlerMethod.java:221)
2018-05-28 22:12:55.958 [http-nio-8080-exec-3] ERROR c.z.m.c.AgentInfoController -org.springframework.web.method.support.InvocableHandlerMethod.invokeForRequest(InvocableHandlerMethod.java:137)
2018-05-28 22:12:55.958 [http-nio-8080-exec-3] ERROR c.z.m.c.AgentInfoController -org.springframework.web.servlet.mvc.method.annotation.ServletInvocableHandlerMethod.invokeAndHandle(ServletInvocableHandlerMethod.java:110)
2018-05-28 22:12:55.958 [http-nio-8080-exec-3] ERROR c.z.m.c.AgentInfoController -org.springframework.web.servlet.mvc.method.annotation.RequestMappingHandlerAdapter.invokeHandleMethod(RequestMappingHandlerAdapter.java:776)
2018-05-28 22:12:55.958 [http-nio-8080-exec-3] ERROR c.z.m.c.AgentInfoController -org.springframework.web.servlet.mvc.method.annotation.RequestMappingHandlerAdapter.handleInternal(RequestMappingHandlerAdapter.java:705)
2018-05-28 22:12:55.958 [http-nio-8080-exec-3] ERROR c.z.m.c.AgentInfoController -org.springframework.web.servlet.mvc.method.AbstractHandlerMethodAdapter.handle(AbstractHandlerMethodAdapter.java:85)
2018-05-28 22:12:55.958 [http-nio-8080-exec-3] ERROR c.z.m.c.AgentInfoController -org.springframework.web.servlet.DispatcherServlet.doDispatch(DispatcherServlet.java:959)
2018-05-28 22:12:55.958 [http-nio-8080-exec-3] ERROR c.z.m.c.AgentInfoController -org.springframework.web.servlet.DispatcherServlet.doService(DispatcherServlet.java:893)
2018-05-28 22:12:55.958 [http-nio-8080-exec-3] ERROR c.z.m.c.AgentInfoController -org.springframework.web.servlet.FrameworkServlet.processRequest(FrameworkServlet.java:966)
2018-05-28 22:12:55.958 [http-nio-8080-exec-3] ERROR c.z.m.c.AgentInfoController -org.springframework.web.servlet.FrameworkServlet.doGet(FrameworkServlet.java:857)
2018-05-28 22:12:55.958 [http-nio-8080-exec-3] ERROR c.z.m.c.AgentInfoController -javax.servlet.http.HttpServlet.service(HttpServlet.java:622)
2018-05-28 22:12:55.959 [http-nio-8080-exec-3] ERROR c.z.m.c.AgentInfoController -org.springframework.web.servlet.FrameworkServlet.service(FrameworkServlet.java:842)
2018-05-28 22:12:55.959 [http-nio-8080-exec-3] ERROR c.z.m.c.AgentInfoController -javax.servlet.http.HttpServlet.service(HttpServlet.java:729)
2018-05-28 22:12:55.959 [http-nio-8080-exec-3] ERROR c.z.m.c.AgentInfoController -org.apache.catalina.core.ApplicationFilterChain.internalDoFilter(ApplicationFilterChain.java:291)
2018-05-28 22:12:55.959 [http-nio-8080-exec-3] ERROR c.z.m.c.AgentInfoController -org.apache.catalina.core.ApplicationFilterChain.doFilter(ApplicationFilterChain.java:206)
2018-05-28 22:12:55.959 [http-nio-8080-exec-3] ERROR c.z.m.c.AgentInfoController -org.apache.tomcat.websocket.server.WsFilter.doFilter(WsFilter.java:52)
2018-05-28 22:12:55.959 [http-nio-8080-exec-3] ERROR c.z.m.c.AgentInfoController -org.apache.catalina.core.ApplicationFilterChain.internalDoFilter(ApplicationFilterChain.java:239)
2018-05-28 22:12:55.959 [http-nio-8080-exec-3] ERROR c.z.m.c.AgentInfoController -org.apache.catalina.core.ApplicationFilterChain.doFilter(ApplicationFilterChain.java:206)
2018-05-28 22:12:55.959 [http-nio-8080-exec-3] ERROR c.z.m.c.AgentInfoController -org.springframework.web.filter.HiddenHttpMethodFilter.doFilterInternal(HiddenHttpMethodFilter.java:77)
2018-05-28 22:12:55.959 [http-nio-8080-exec-3] ERROR c.z.m.c.AgentInfoController -org.springframework.web.filter.OncePerRequestFilter.doFilter(OncePerRequestFilter.java:107)
2018-05-28 22:12:55.959 [http-nio-8080-exec-3] ERROR c.z.m.c.AgentInfoController -org.apache.catalina.core.ApplicationFilterChain.internalDoFilter(ApplicationFilterChain.java:239)
2018-05-28 22:12:55.959 [http-nio-8080-exec-3] ERROR c.z.m.c.AgentInfoController -org.apache.catalina.core.ApplicationFilterChain.doFilter(ApplicationFilterChain.java:206)
2018-05-28 22:12:55.959 [http-nio-8080-exec-3] ERROR c.z.m.c.AgentInfoController -org.springframework.web.filter.CharacterEncodingFilter.doFilterInternal(CharacterEncodingFilter.java:85)
2018-05-28 22:12:55.959 [http-nio-8080-exec-3] ERROR c.z.m.c.AgentInfoController -org.springframework.web.filter.OncePerRequestFilter.doFilter(OncePerRequestFilter.java:107)
2018-05-28 22:12:55.959 [http-nio-8080-exec-3] ERROR c.z.m.c.AgentInfoController -org.apache.catalina.core.ApplicationFilterChain.internalDoFilter(ApplicationFilterChain.java:239)
2018-05-28 22:12:55.959 [http-nio-8080-exec-3] ERROR c.z.m.c.AgentInfoController -org.apache.catalina.core.ApplicationFilterChain.doFilter(ApplicationFilterChain.java:206)
2018-05-28 22:12:55.959 [http-nio-8080-exec-3] ERROR c.z.m.c.AgentInfoController -org.apache.catalina.core.StandardWrapperValve.invoke(StandardWrapperValve.java:219)
2018-05-28 22:12:55.960 [http-nio-8080-exec-3] ERROR c.z.m.c.AgentInfoController -org.apache.catalina.core.StandardContextValve.invoke(StandardContextValve.java:106)
2018-05-28 22:12:55.960 [http-nio-8080-exec-3] ERROR c.z.m.c.AgentInfoController -org.apache.catalina.authenticator.AuthenticatorBase.invoke(AuthenticatorBase.java:502)
2018-05-28 22:12:55.960 [http-nio-8080-exec-3] ERROR c.z.m.c.AgentInfoController -org.apache.catalina.core.StandardHostValve.invoke(StandardHostValve.java:142)
2018-05-28 22:12:55.960 [http-nio-8080-exec-3] ERROR c.z.m.c.AgentInfoController -org.apache.catalina.valves.ErrorReportValve.invoke(ErrorReportValve.java:79)
2018-05-28 22:12:55.960 [http-nio-8080-exec-3] ERROR c.z.m.c.AgentInfoController -org.apache.catalina.core.StandardEngineValve.invoke(StandardEngineValve.java:88)
2018-05-28 22:12:55.960 [http-nio-8080-exec-3] ERROR c.z.m.c.AgentInfoController -org.apache.catalina.connector.CoyoteAdapter.service(CoyoteAdapter.java:518)
2018-05-28 22:12:55.960 [http-nio-8080-exec-3] ERROR c.z.m.c.AgentInfoController -org.apache.coyote.http11.AbstractHttp11Processor.process(AbstractHttp11Processor.java:1091)
2018-05-28 22:12:55.960 [http-nio-8080-exec-3] ERROR c.z.m.c.AgentInfoController -org.apache.coyote.AbstractProtocol$AbstractConnectionHandler.process(AbstractProtocol.java:668)
2018-05-28 22:12:55.960 [http-nio-8080-exec-3] ERROR c.z.m.c.AgentInfoController -org.apache.tomcat.util.net.NioEndpoint$SocketProcessor.doRun(NioEndpoint.java:1521)
2018-05-28 22:12:55.960 [http-nio-8080-exec-3] ERROR c.z.m.c.AgentInfoController -org.apache.tomcat.util.net.NioEndpoint$SocketProcessor.run(NioEndpoint.java:1478)
2018-05-28 22:12:55.960 [http-nio-8080-exec-3] ERROR c.z.m.c.AgentInfoController -java.util.concurrent.ThreadPoolExecutor.runWorker(ThreadPoolExecutor.java:1149)
2018-05-28 22:12:55.961 [http-nio-8080-exec-3] ERROR c.z.m.c.AgentInfoController -java.util.concurrent.ThreadPoolExecutor$Worker.run(ThreadPoolExecutor.java:624)
2018-05-28 22:12:55.961 [http-nio-8080-exec-3] ERROR c.z.m.c.AgentInfoController -org.apache.tomcat.util.threads.TaskThread$WrappingRunnable.run(TaskThread.java:61)
2018-05-28 22:12:55.961 [http-nio-8080-exec-3] ERROR c.z.m.c.AgentInfoController -java.lang.Thread.run(Thread.java:748)
